<?xml version="1.0" encoding="UTF-8"?>
<!-- Generated by org.testng.reporters.JUnitXMLReporter -->
<testsuite ignored="1" hostname="EZE1-LLN-B03787" failures="0" tests="2" name="Command line test" time="16.418" errors="0" timestamp="2023-08-30T09:51:34 ART">
  <testcase classname="tests.RemoveItemTest" name="removeItemTest" time="4.304"/>
  <testcase classname="tests.SmokeTest" name="initialSmokeTest" time="0.073"/>
  <testcase classname="testrunner.BaseTest" name="@AfterTest afterMethod" time="0.0">
    <ignored/>
  </testcase> <!-- @AfterTest afterMethod -->
</testsuite> <!-- Command line test -->
