<?xml version="1.0" encoding="UTF-8"?>
<testng-results ignored="1" total="3" passed="2" failed="0" skipped="0">
  <reporter-output>
    <line>
      <![CDATA[******************************************]]>
    </line>
    <line>
      <![CDATA[Beginning execution of Test: removeItemTest]]>
    </line>
    <line>
      <![CDATA[******************************************]]>
    </line>
    <line>
      <![CDATA[******************************************]]>
    </line>
    <line>
      <![CDATA[Beginning execution of Test: initialSmokeTest]]>
    </line>
    <line>
      <![CDATA[******************************************]]>
    </line>
    <line>
      <![CDATA[Starting initial smoke test]]>
    </line>
  </reporter-output>
  <suite started-at="2023-08-30T09:51:18 ART" name="Command line suite" finished-at="2023-08-30T09:51:34 ART" duration-ms="16418">
    <groups>
    </groups>
    <test started-at="2023-08-30T09:51:18 ART" name="Command line test" finished-at="2023-08-30T09:51:34 ART" duration-ms="16418">
      <class name="tests.SmokeTest">
        <test-method is-config="true" signature="setup(java.lang.String)[pri:0, instance:tests.SmokeTest@6295d394]" started-at="2023-08-30T09:51:29 ART" name="setup" finished-at="2023-08-30T09:51:34 ART" duration-ms="4609" status="PASS">
          <params>
            <param index="0">
              <value>
                <![CDATA[CHROME]]>
              </value>
            </param>
          </params>
          <reporter-output>
          </reporter-output>
        </test-method> <!-- setup -->
        <test-method signature="initialSmokeTest()[pri:0, instance:tests.SmokeTest@6295d394]" started-at="2023-08-30T09:51:34 ART" name="initialSmokeTest" finished-at="2023-08-30T09:51:34 ART" duration-ms="73" status="PASS">
          <reporter-output>
            <line>
              <![CDATA[******************************************]]>
            </line>
            <line>
              <![CDATA[Beginning execution of Test: initialSmokeTest]]>
            </line>
            <line>
              <![CDATA[******************************************]]>
            </line>
            <line>
              <![CDATA[Starting initial smoke test]]>
            </line>
          </reporter-output>
        </test-method> <!-- initialSmokeTest -->
        <test-method is-config="true" signature="cleanUp()[pri:0, instance:tests.SmokeTest@6295d394]" started-at="2023-08-30T09:51:34 ART" name="cleanUp" finished-at="2023-08-30T09:51:34 ART" duration-ms="182" status="PASS">
          <reporter-output>
          </reporter-output>
        </test-method> <!-- cleanUp -->
      </class> <!-- tests.SmokeTest -->
      <class name="tests.RemoveItemTest">
        <test-method is-config="true" signature="setup(java.lang.String)[pri:0, instance:tests.RemoveItemTest@258e2e41]" started-at="2023-08-30T09:51:18 ART" name="setup" finished-at="2023-08-30T09:51:25 ART" duration-ms="6876" status="PASS">
          <params>
            <param index="0">
              <value>
                <![CDATA[CHROME]]>
              </value>
            </param>
          </params>
          <reporter-output>
          </reporter-output>
        </test-method> <!-- setup -->
        <test-method signature="removeItemTest()[pri:0, instance:tests.RemoveItemTest@258e2e41]" started-at="2023-08-30T09:51:25 ART" name="removeItemTest" finished-at="2023-08-30T09:51:29 ART" duration-ms="4304" status="PASS">
          <reporter-output>
            <line>
              <![CDATA[******************************************]]>
            </line>
            <line>
              <![CDATA[Beginning execution of Test: removeItemTest]]>
            </line>
            <line>
              <![CDATA[******************************************]]>
            </line>
          </reporter-output>
        </test-method> <!-- removeItemTest -->
        <test-method is-config="true" signature="cleanUp()[pri:0, instance:tests.RemoveItemTest@258e2e41]" started-at="2023-08-30T09:51:29 ART" name="cleanUp" finished-at="2023-08-30T09:51:29 ART" duration-ms="234" status="PASS">
          <reporter-output>
          </reporter-output>
        </test-method> <!-- cleanUp -->
        <test-method is-config="true" signature="afterMethod()[pri:0, instance:tests.RemoveItemTest@258e2e41]" started-at="2023-08-30T09:51:34 ART" name="afterMethod" finished-at="2023-08-30T09:51:34 ART" duration-ms="85" status="PASS">
          <reporter-output>
          </reporter-output>
        </test-method> <!-- afterMethod -->
      </class> <!-- tests.RemoveItemTest -->
    </test> <!-- Command line test -->
  </suite> <!-- Command line suite -->
</testng-results>
